<?xml version="1.0" encoding="UTF-8"?>
<!-- Generated by org.testng.reporters.JUnitXMLReporter -->
<testsuite ignored="2" hostname="ATMECSINLT-038" failures="5" tests="22" name="Test" time="313.165" errors="0" timestamp="13 Sep 2019 11:13:16 GMT">
  <testcase classname="com.atmecs.testScripts.ChooseFlight" name="homePageRedirection" time="0.045"/>
  <testcase classname="com.atmecs.testScripts.SelectFlight" name="doHomePageFlow" time="15.784"/>
  <testcase classname="com.atmecs.testScripts.SelectFlight" name="doHomePageFlow" time="15.181"/>
  <testcase classname="com.atmecs.testScripts.SelectFlight" name="doHomePageFlow" time="15.082"/>
  <testcase classname="com.atmecs.testScripts.SelectFlight" name="doHomePageFlow" time="15.168"/>
  <testcase classname="com.atmecs.testScripts.SelectFlight" name="doHomePageFlow" time="14.969"/>
  <testcase classname="com.atmecs.testScripts.TravellersDetails" name="doPageFlow" time="18.243"/>
  <testcase classname="com.atmecs.testScripts.TravellersDetails" name="doPageFlow" time="15.077"/>
  <testcase classname="com.atmecs.testScripts.TravellersDetails" name="doPageFlow" time="15.045"/>
  <testcase classname="com.atmecs.testScripts.TravellersDetails" name="doPageFlow" time="14.987"/>
  <testcase classname="com.atmecs.testScripts.TravellersDetails" name="doPageFlow" time="15.038"/>
  <testcase classname="com.atmecs.testScripts.ChooseFlight" name="homePageCityInput" time="15.918"/>
  <testcase classname="com.atmecs.testScripts.ChooseFlight" name="homePageCityInput" time="15.161"/>
  <testcase classname="com.atmecs.testScripts.ChooseFlight" name="homePageCityInput" time="15.2"/>
  <testcase classname="com.atmecs.testScripts.ChooseFlight" name="homePageCityInput" time="15.105"/>
  <testcase classname="com.atmecs.testScripts.ChooseFlight" name="homePageCityInput" time="15.737"/>
  <testcase classname="com.atmecs.testScripts.SelectFlight" name="checkSortingButtonFunctionality" time="11.159">
    <failure type="java.lang.AssertionError" message="Flight is not selected correctly expected [true] but found [false]">
      <![CDATA[java.lang.AssertionError: Flight is not selected correctly expected [true] but found [false]
at com.atmecs.pages.SelectFlights.isButtonDisplayed(SelectFlights.java:40)
at com.atmecs.testScripts.SelectFlight.checkSortingButtonFunctionality(SelectFlight.java:42)
... Removed 34 stack frames]]>
    </failure>
  </testcase> <!-- checkSortingButtonFunctionality -->
  <testcase classname="com.atmecs.testScripts.TravellersDetails" name="reviewBookingDetails" time="6.141">
    <failure type="org.openqa.selenium.NoSuchElementException" message="no such element: Unable to locate element: {&amp;quot;method&amp;quot;:&amp;quot;xpath&amp;quot;,&amp;quot;selector&amp;quot;:&amp;quot;//input[@class=&amp;apos;custom-date-input BE_flight_origin_date&amp;apos;]&amp;quot;}
  (Session info: chrome=76.0.3809.132)
For documentation on this error, please visit: https://www.seleniumhq.org/exceptions/no_such_element.html
Build info: version: &amp;apos;4.0.0-alpha-2&amp;apos;, revision: &amp;apos;f148142cf8&amp;apos;, time: &amp;apos;2019-07-01T20:55:26&amp;apos;
System info: host: &amp;apos;ATMECSINLT-038&amp;apos;, ip: &amp;apos;55.55.53.77&amp;apos;, os.name: &amp;apos;Windows 10&amp;apos;, os.arch: &amp;apos;amd64&amp;apos;, os.version: &amp;apos;10.0&amp;apos;, java.version: &amp;apos;12.0.1&amp;apos;
Driver info: org.openqa.selenium.chrome.ChromeDriver
Capabilities {acceptInsecureCerts: false, browserName: chrome, browserVersion: 76.0.3809.132, chrome: {chromedriverVersion: 75.0.3770.140 (2d9f97485c7b..., userDataDir: C:\Users\SAURAB~1.CHA\AppDa...}, goog:chromeOptions: {debuggerAddress: localhost:49851}, javascriptEnabled: true, networkConnectionEnabled: false, pageLoadStrategy: normal, platform: XP, platformName: XP, proxy: Proxy(), setWindowRect: true, strictFileInteractability: false, timeouts: {implicit: 0, pageLoad: 300000, script: 30000}, unhandledPromptBehavior: dismiss and notify}
Session ID: 52f5b844194967c7aca28f15d9f55194
*** Element info: {Using=xpath, value=//input[@class=&amp;apos;custom-date-input BE_flight_origin_date&amp;apos;]}">
      <![CDATA[org.openqa.selenium.NoSuchElementException: no such element: Unable to locate element: {"method":"xpath","selector":"//input[@class='custom-date-input BE_flight_origin_date']"}
  (Session info: chrome=76.0.3809.132)
For documentation on this error, please visit: https://www.seleniumhq.org/exceptions/no_such_element.html
Build info: version: '4.0.0-alpha-2', revision: 'f148142cf8', time: '2019-07-01T20:55:26'
System info: host: 'ATMECSINLT-038', ip: '55.55.53.77', os.name: 'Windows 10', os.arch: 'amd64', os.version: '10.0', java.version: '12.0.1'
Driver info: org.openqa.selenium.chrome.ChromeDriver
Capabilities {acceptInsecureCerts: false, browserName: chrome, browserVersion: 76.0.3809.132, chrome: {chromedriverVersion: 75.0.3770.140 (2d9f97485c7b..., userDataDir: C:\Users\SAURAB~1.CHA\AppDa...}, goog:chromeOptions: {debuggerAddress: localhost:49851}, javascriptEnabled: true, networkConnectionEnabled: false, pageLoadStrategy: normal, platform: XP, platformName: XP, proxy: Proxy(), setWindowRect: true, strictFileInteractability: false, timeouts: {implicit: 0, pageLoad: 300000, script: 30000}, unhandledPromptBehavior: dismiss and notify}
Session ID: 52f5b844194967c7aca28f15d9f55194
*** Element info: {Using=xpath, value=//input[@class='custom-date-input BE_flight_origin_date']}
at org.openqa.selenium.remote.codec.w3c.W3CHttpResponseCodec.createException(W3CHttpResponseCodec.java:191)
at org.openqa.selenium.remote.codec.w3c.W3CHttpResponseCodec.decode(W3CHttpResponseCodec.java:125)
at org.openqa.selenium.remote.codec.w3c.W3CHttpResponseCodec.decode(W3CHttpResponseCodec.java:52)
at org.openqa.selenium.remote.HttpCommandExecutor.execute(HttpCommandExecutor.java:161)
at org.openqa.selenium.remote.service.DriverCommandExecutor.execute(DriverCommandExecutor.java:83)
at org.openqa.selenium.remote.RemoteWebDriver.execute(RemoteWebDriver.java:576)
at org.openqa.selenium.remote.RemoteWebDriver.findElement(RemoteWebDriver.java:327)
at org.openqa.selenium.remote.RemoteWebDriver.findElementByXPath(RemoteWebDriver.java:445)
at org.openqa.selenium.By$ByXPath.findElement(By.java:353)
at org.openqa.selenium.remote.RemoteWebDriver.findElement(RemoteWebDriver.java:319)
at com.atmecs.helpers.CommonUtility$1.apply(CommonUtility.java:36)
at com.atmecs.helpers.CommonUtility$1.apply(CommonUtility.java:34)
at org.openqa.selenium.support.ui.FluentWait.until(FluentWait.java:249)
at com.atmecs.helpers.CommonUtility.clickElement(CommonUtility.java:34)
at com.atmecs.testflow.HomePageFlow.dateInput(HomePageFlow.java:39)
at com.atmecs.testScripts.TravellersDetails.reviewBookingDetails(TravellersDetails.java:46)
... Removed 33 stack frames]]>
    </failure>
  </testcase> <!-- reviewBookingDetails -->
  <testcase classname="com.atmecs.testScripts.ChooseFlight" name="isHomeDataCorrect" time="6.104">
    <failure type="java.lang.IndexOutOfBoundsException" message="Index 0 out of bounds for length 0">
      <![CDATA[java.lang.IndexOutOfBoundsException: Index 0 out of bounds for length 0
at java.base/jdk.internal.util.Preconditions.outOfBounds(Preconditions.java:64)
at java.base/jdk.internal.util.Preconditions.outOfBoundsCheckIndex(Preconditions.java:70)
at java.base/jdk.internal.util.Preconditions.checkIndex(Preconditions.java:248)
at java.base/java.util.Objects.checkIndex(Objects.java:372)
at java.base/java.util.ArrayList.get(ArrayList.java:458)
at com.atmecs.testScripts.ChooseFlight.isHomeDataCorrect(ChooseFlight.java:40)
... Removed 29 stack frames]]>
    </failure>
  </testcase> <!-- isHomeDataCorrect -->
  <testcase classname="com.atmecs.testScripts.TravellersDetails" name="validateFlightDetails" time="18.135">
    <failure type="org.openqa.selenium.NoSuchElementException" message="no such element: Unable to locate element: {&amp;quot;method&amp;quot;:&amp;quot;xpath&amp;quot;,&amp;quot;selector&amp;quot;:&amp;quot;//span[text()=&amp;apos;42,152&amp;apos;]&amp;quot;}
  (Session info: chrome=76.0.3809.132)
For documentation on this error, please visit: https://www.seleniumhq.org/exceptions/no_such_element.html
Build info: version: &amp;apos;4.0.0-alpha-2&amp;apos;, revision: &amp;apos;f148142cf8&amp;apos;, time: &amp;apos;2019-07-01T20:55:26&amp;apos;
System info: host: &amp;apos;ATMECSINLT-038&amp;apos;, ip: &amp;apos;55.55.53.77&amp;apos;, os.name: &amp;apos;Windows 10&amp;apos;, os.arch: &amp;apos;amd64&amp;apos;, os.version: &amp;apos;10.0&amp;apos;, java.version: &amp;apos;12.0.1&amp;apos;
Driver info: org.openqa.selenium.chrome.ChromeDriver
Capabilities {acceptInsecureCerts: false, browserName: chrome, browserVersion: 76.0.3809.132, chrome: {chromedriverVersion: 75.0.3770.140 (2d9f97485c7b..., userDataDir: C:\Users\SAURAB~1.CHA\AppDa...}, goog:chromeOptions: {debuggerAddress: localhost:49851}, javascriptEnabled: true, networkConnectionEnabled: false, pageLoadStrategy: normal, platform: XP, platformName: XP, proxy: Proxy(), setWindowRect: true, strictFileInteractability: false, timeouts: {implicit: 0, pageLoad: 300000, script: 30000}, unhandledPromptBehavior: dismiss and notify}
Session ID: 52f5b844194967c7aca28f15d9f55194
*** Element info: {Using=xpath, value=//span[text()=&amp;apos;42,152&amp;apos;]}">
      <![CDATA[org.openqa.selenium.NoSuchElementException: no such element: Unable to locate element: {"method":"xpath","selector":"//span[text()='42,152']"}
  (Session info: chrome=76.0.3809.132)
For documentation on this error, please visit: https://www.seleniumhq.org/exceptions/no_such_element.html
Build info: version: '4.0.0-alpha-2', revision: 'f148142cf8', time: '2019-07-01T20:55:26'
System info: host: 'ATMECSINLT-038', ip: '55.55.53.77', os.name: 'Windows 10', os.arch: 'amd64', os.version: '10.0', java.version: '12.0.1'
Driver info: org.openqa.selenium.chrome.ChromeDriver
Capabilities {acceptInsecureCerts: false, browserName: chrome, browserVersion: 76.0.3809.132, chrome: {chromedriverVersion: 75.0.3770.140 (2d9f97485c7b..., userDataDir: C:\Users\SAURAB~1.CHA\AppDa...}, goog:chromeOptions: {debuggerAddress: localhost:49851}, javascriptEnabled: true, networkConnectionEnabled: false, pageLoadStrategy: normal, platform: XP, platformName: XP, proxy: Proxy(), setWindowRect: true, strictFileInteractability: false, timeouts: {implicit: 0, pageLoad: 300000, script: 30000}, unhandledPromptBehavior: dismiss and notify}
Session ID: 52f5b844194967c7aca28f15d9f55194
*** Element info: {Using=xpath, value=//span[text()='42,152']}
at org.openqa.selenium.remote.codec.w3c.W3CHttpResponseCodec.createException(W3CHttpResponseCodec.java:191)
at org.openqa.selenium.remote.codec.w3c.W3CHttpResponseCodec.decode(W3CHttpResponseCodec.java:125)
at org.openqa.selenium.remote.codec.w3c.W3CHttpResponseCodec.decode(W3CHttpResponseCodec.java:52)
at org.openqa.selenium.remote.HttpCommandExecutor.execute(HttpCommandExecutor.java:161)
at org.openqa.selenium.remote.service.DriverCommandExecutor.execute(DriverCommandExecutor.java:83)
at org.openqa.selenium.remote.RemoteWebDriver.execute(RemoteWebDriver.java:576)
at org.openqa.selenium.remote.RemoteWebDriver.findElement(RemoteWebDriver.java:327)
at org.openqa.selenium.remote.RemoteWebDriver.findElementByXPath(RemoteWebDriver.java:445)
at org.openqa.selenium.By$ByXPath.findElement(By.java:353)
at org.openqa.selenium.remote.RemoteWebDriver.findElement(RemoteWebDriver.java:319)
at com.atmecs.helpers.CommonUtility.getElement(CommonUtility.java:82)
at com.atmecs.pages.FlightFare.isBaseFareCorrect(FlightFare.java:30)
at com.atmecs.testScripts.TravellersDetails.validateFlightDetails(TravellersDetails.java:67)
... Removed 33 stack frames]]>
    </failure>
  </testcase> <!-- validateFlightDetails -->
  <testcase classname="com.atmecs.testScripts.TravellersDetails" name="checkFunctionalyInputBoxes" time="6.056"/>
  <testcase classname="com.atmecs.testScripts.TravellersDetails" name="setPassengersData" time="32.345">
    <failure type="org.openqa.selenium.TimeoutException" message="Expected condition failed: waiting for element to be clickable: By.xpath: //span[text()=&amp;apos;Total Fare&amp;apos;] (tried for 30 second(s) with 500 milliseconds interval)">
      <![CDATA[org.openqa.selenium.TimeoutException: Expected condition failed: waiting for element to be clickable: By.xpath: //span[text()='Total Fare'] (tried for 30 second(s) with 500 milliseconds interval)
at org.openqa.selenium.support.ui.WebDriverWait.timeoutException(WebDriverWait.java:95)
at org.openqa.selenium.support.ui.FluentWait.until(FluentWait.java:272)
at com.atmecs.helpers.CommonUtility.explicitWait(CommonUtility.java:204)
at com.atmecs.testflow.PassengersDetails.givePassengersDetails(PassengersDetails.java:23)
at com.atmecs.testScripts.TravellersDetails.setPassengersData(TravellersDetails.java:88)
Caused by: org.openqa.selenium.NoSuchElementException: no such element: Unable to locate element: {"method":"xpath","selector":"//span[text()='Total Fare']"}
  (Session info: chrome=76.0.3809.132)
For documentation on this error, please visit: https://www.seleniumhq.org/exceptions/no_such_element.html
Build info: version: '4.0.0-alpha-2', revision: 'f148142cf8', time: '2019-07-01T20:55:26'
System info: host: 'ATMECSINLT-038', ip: '55.55.53.77', os.name: 'Windows 10', os.arch: 'amd64', os.version: '10.0', java.version: '12.0.1'
Driver info: org.openqa.selenium.chrome.ChromeDriver
Capabilities {acceptInsecureCerts: false, browserName: chrome, browserVersion: 76.0.3809.132, chrome: {chromedriverVersion: 75.0.3770.140 (2d9f97485c7b..., userDataDir: C:\Users\SAURAB~1.CHA\AppDa...}, goog:chromeOptions: {debuggerAddress: localhost:49851}, javascriptEnabled: true, networkConnectionEnabled: false, pageLoadStrategy: normal, platform: XP, platformName: XP, proxy: Proxy(), setWindowRect: true, strictFileInteractability: false, timeouts: {implicit: 0, pageLoad: 300000, script: 30000}, unhandledPromptBehavior: dismiss and notify}
Session ID: 52f5b844194967c7aca28f15d9f55194
*** Element info: {Using=xpath, value=//span[text()='Total Fare']}
at org.openqa.selenium.remote.codec.w3c.W3CHttpResponseCodec.createException(W3CHttpResponseCodec.java:191)
at org.openqa.selenium.remote.codec.w3c.W3CHttpResponseCodec.decode(W3CHttpResponseCodec.java:125)
at org.openqa.selenium.remote.codec.w3c.W3CHttpResponseCodec.decode(W3CHttpResponseCodec.java:52)
at org.openqa.selenium.remote.HttpCommandExecutor.execute(HttpCommandExecutor.java:161)
at org.openqa.selenium.remote.service.DriverCommandExecutor.execute(DriverCommandExecutor.java:83)
at org.openqa.selenium.remote.RemoteWebDriver.execute(RemoteWebDriver.java:576)
at org.openqa.selenium.remote.RemoteWebDriver.findElement(RemoteWebDriver.java:327)
at org.openqa.selenium.remote.RemoteWebDriver.findElementByXPath(RemoteWebDriver.java:445)
at org.openqa.selenium.By$ByXPath.findElement(By.java:353)
at org.openqa.selenium.remote.RemoteWebDriver.findElement(RemoteWebDriver.java:319)
at org.openqa.selenium.support.ui.ExpectedConditions$7.apply(ExpectedConditions.java:205)
at org.openqa.selenium.support.ui.ExpectedConditions$7.apply(ExpectedConditions.java:201)
at org.openqa.selenium.support.ui.ExpectedConditions$22.apply(ExpectedConditions.java:641)
at org.openqa.selenium.support.ui.ExpectedConditions$22.apply(ExpectedConditions.java:638)
at org.openqa.selenium.support.ui.FluentWait.until(FluentWait.java:249)
... 32 more
... Removed 33 stack frames]]>
    </failure>
  </testcase> <!-- setPassengersData -->
  <testcase classname="com.atmecs.testBase.TestBase" name="@BeforeSuite intitailizeBrowser" time="0.0">
    <ignored/>
  </testcase> <!-- @BeforeSuite intitailizeBrowser -->
  <testcase classname="com.atmecs.testBase.TestBase" name="@BeforeSuite intitailizeBrowser" time="0.0">
    <ignored/>
  </testcase> <!-- @BeforeSuite intitailizeBrowser -->
</testsuite> <!-- Test -->
